<?xml version="1.0" encoding="UTF-8"?>
<!-- Generated by org.testng.reporters.JUnitReportReporter -->
<testsuite hostname="Deepak" failures="0" tests="1" name="RunnerClass.TestRunner" time="10.947" errors="1" timestamp="2023-09-18T21:25:19 IST" skipped="0">
  <testcase classname="RunnerClass.TestRunner" name="runScenario" time="10.947">
    <error message="Cannot invoke &quot;org.openqa.selenium.SearchContext.findElement(org.openqa.selenium.By)&quot; because &quot;this.searchContext&quot; is null" type="java.lang.NullPointerException">
      <![CDATA[java.lang.NullPointerException: Cannot invoke "org.openqa.selenium.SearchContext.findElement(org.openqa.selenium.By)" because "this.searchContext" is null
at org.openqa.selenium.support.pagefactory.DefaultElementLocator.findElement(DefaultElementLocator.java:68)
at org.openqa.selenium.support.pagefactory.internal.LocatingElementHandler.invoke(LocatingElementHandler.java:38)
at jdk.proxy2/jdk.proxy2.$Proxy22.sendKeys(Unknown Source)
at POM.LoginPage.User_Enters_Username(LoginPage.java:25)
at StepDef.HRMStep.user_enters_username_as(HRMStep.java:31)
at ✽.user enters username as "Admin"(file:///E:/Practice/OrangeHRM/src/test/resources/Features/HRM.feature:6)
]]>
    </error>
  </testcase> <!-- runScenario -->
</testsuite> <!-- RunnerClass.TestRunner -->
